2018-09-04 17:25:43,885  - INFO - 选择的浏览器为: Chrome 浏览器
2018-09-04 17:25:43,885  - INFO - 打开的URL为: https://www-uat.szhqfin.com
2018-09-04 17:25:48,328  - INFO - 启动谷歌浏览器
2018-09-04 17:25:55,338  - INFO - 打开URL: https://www-uat.szhqfin.com
2018-09-04 17:25:56,454  - INFO - 全屏当前窗口
2018-09-04 17:25:56,455  - INFO - 设置5秒隐式等待时间
2018-09-04 17:25:56,455  - INFO - 点击元素 by xpath: //*[@id="app"]/div/div[1]/div[1]/div/div[2]/a[1]...
2018-09-04 17:26:06,300  - INFO - 清空文本框内容: //*[@id="pane-first"]/form/div[1]/div[1]/div/div/input...
2018-09-04 17:26:07,342  - INFO - 输入内容方式 by xpath: //*[@id="pane-first"]/form/div[1]/div[1]/div/div/input...
2018-09-04 17:26:07,344  - INFO - 输入内容: 13828829616
2018-09-04 17:26:09,506  - INFO - 清空文本框内容: //*[@id="pane-first"]/form/div[1]/div[2]/div/div/input...
2018-09-04 17:26:10,581  - INFO - 输入内容方式 by xpath: //*[@id="pane-first"]/form/div[1]/div[2]/div/div/input...
2018-09-04 17:26:10,581  - INFO - 输入内容: m123456
2018-09-04 17:26:12,695  - INFO - 点击元素 by xpath: //*[@id="pane-first"]/form/div[3]/div...
2018-09-04 17:26:14,828  - INFO - 点击元素 by xpath: /html/body/div/div/div[1]/div[2]/div/div[2]/div[2]/ul/a[3]/li...
2018-09-04 17:26:27,268  - INFO - 页面已截图，截图的路径在项目: /screenshots路径下
2018-09-04 17:26:27,309  - INFO - 点击元素 by xpath: //*[@id="app"]/div/div[1]/div[1]/div/div[2]/a[1]...
2018-09-04 17:26:29,704  - INFO - 清空文本框内容: //*[@id="pane-first"]/form/div[1]/div[1]/div/div/input...
2018-09-04 17:27:02,902  - WARNING - 查找元素超时: //*[@id="pane-first"]/form/div[1]/div[1]/div/div/input
2018-09-04 17:27:02,910  - INFO - 清空文本框内容: //*[@id="pane-first"]/form/div[1]/div[1]/div/div/input...
2018-09-04 17:27:36,108  - WARNING - 查找元素超时: //*[@id="pane-first"]/form/div[1]/div[1]/div/div/input
2018-09-04 17:27:36,115  - INFO - 清空文本框内容: //*[@id="pane-first"]/form/div[1]/div[1]/div/div/input...
2018-09-04 17:28:09,237  - WARNING - 查找元素超时: //*[@id="pane-first"]/form/div[1]/div[1]/div/div/input
2018-09-04 17:28:09,242  - INFO - 清空文本框内容: //*[@id="pane-first"]/form/div[1]/div[1]/div/div/input...
2018-09-04 17:28:42,441  - WARNING - 查找元素超时: //*[@id="pane-first"]/form/div[1]/div[1]/div/div/input
2018-09-04 17:28:42,455  - INFO - 清空文本框内容: //*[@id="pane-first"]/form/div[1]/div[1]/div/div/input...
2018-09-04 17:29:15,620  - WARNING - 查找元素超时: //*[@id="pane-first"]/form/div[1]/div[1]/div/div/input
2018-09-04 17:29:20,665  - INFO - 点击元素 by xpath: /html/body/div/div/div[1]/div[2]/div/div[2]/div[2]/ul/a[7]/li...
2018-09-04 17:29:38,289  - INFO - 页面已截图，截图的路径在项目: /screenshots路径下
