2018-09-05 14:52:18,685  - INFO - 选择的浏览器为: Chrome 浏览器
2018-09-05 14:52:18,685  - INFO - 打开的URL为: https://www-uat.szhqfin.com
2018-09-05 14:52:23,110  - INFO - 启动谷歌浏览器
2018-09-05 14:52:28,867  - INFO - 打开URL: https://www-uat.szhqfin.com
2018-09-05 14:52:30,002  - INFO - 全屏当前窗口
2018-09-05 14:52:30,003  - INFO - 设置5秒隐式等待时间
2018-09-05 14:52:30,004  - INFO - 点击元素 by xpath: //*[@id="app"]/div/div[1]/div[1]/div/div[2]/a[1]...
2018-09-05 14:52:39,797  - INFO - 清空文本框内容: //*[@id="pane-first"]/form/div[1]/div[1]/div/div/input...
2018-09-05 14:52:40,843  - INFO - 输入内容方式 by xpath: //*[@id="pane-first"]/form/div[1]/div[1]/div/div/input...
2018-09-05 14:52:40,844  - INFO - 输入内容: 13828829616
2018-09-05 14:52:42,948  - INFO - 清空文本框内容: //*[@id="pane-first"]/form/div[1]/div[2]/div/div/input...
2018-09-05 14:52:43,999  - INFO - 输入内容方式 by xpath: //*[@id="pane-first"]/form/div[1]/div[2]/div/div/input...
2018-09-05 14:52:43,999  - INFO - 输入内容: m123456
2018-09-05 14:52:46,094  - INFO - 点击元素 by xpath: //*[@id="pane-first"]/form/div[3]/div...
2018-09-05 14:52:48,193  - INFO - 点击元素 by xpath: /html/body/div/div/div[1]/div[2]/div/div[2]/div[2]/ul/a[3]/li...
2018-09-05 14:53:00,605  - INFO - 页面已截图，截图的路径在项目: /screenshots路径下
2018-09-05 14:53:00,640  - INFO - 点击元素 by xpath: //*[@id="app"]/div/div[1]/div[1]/div/div[2]/a[1]...
2018-09-05 14:53:02,990  - INFO - 清空文本框内容: //*[@id="pane-first"]/form/div[1]/div[1]/div/div/input...
2018-09-05 14:53:36,122  - WARNING - 查找元素超时: //*[@id="pane-first"]/form/div[1]/div[1]/div/div/input
2018-09-05 14:53:36,139  - INFO - 清空文本框内容: //*[@id="pane-first"]/form/div[1]/div[1]/div/div/input...
2018-09-05 14:54:09,432  - WARNING - 查找元素超时: //*[@id="pane-first"]/form/div[1]/div[1]/div/div/input
2018-09-05 14:54:09,437  - INFO - 清空文本框内容: //*[@id="pane-first"]/form/div[1]/div[1]/div/div/input...
2018-09-05 14:54:42,656  - WARNING - 查找元素超时: //*[@id="pane-first"]/form/div[1]/div[1]/div/div/input
2018-09-05 14:54:42,662  - INFO - 清空文本框内容: //*[@id="pane-first"]/form/div[1]/div[1]/div/div/input...
2018-09-05 14:55:15,887  - WARNING - 查找元素超时: //*[@id="pane-first"]/form/div[1]/div[1]/div/div/input
2018-09-05 14:55:15,891  - INFO - 清空文本框内容: //*[@id="pane-first"]/form/div[1]/div[1]/div/div/input...
2018-09-05 14:55:49,124  - WARNING - 查找元素超时: //*[@id="pane-first"]/form/div[1]/div[1]/div/div/input
2018-09-05 14:55:49,169  - INFO - 点击元素 by xpath: /html/body/div/div/div[1]/div[2]/div/div[2]/div[2]/ul/a[7]/li...
2018-09-05 14:56:01,751  - INFO - 页面已截图，截图的路径在项目: /screenshots路径下
