2018-09-05 14:56:50,482  - INFO - 选择的浏览器为: Chrome 浏览器
2018-09-05 14:56:50,483  - INFO - 打开的URL为: https://www-uat.szhqfin.com
2018-09-05 14:56:54,888  - INFO - 启动谷歌浏览器
2018-09-05 14:57:03,439  - INFO - 打开URL: https://www-uat.szhqfin.com
2018-09-05 14:57:04,558  - INFO - 全屏当前窗口
2018-09-05 14:57:04,559  - INFO - 设置5秒隐式等待时间
2018-09-05 14:57:04,624  - INFO - 点击元素 by xpath: //*[@id="app"]/div/div[1]/div[1]/div/div[2]/a[1]...
2018-09-05 14:57:14,843  - INFO - 清空文本框内容: //*[@id="pane-first"]/form/div[1]/div[1]/div/div/input...
2018-09-05 14:57:15,886  - INFO - 输入内容方式 by xpath: //*[@id="pane-first"]/form/div[1]/div[1]/div/div/input...
2018-09-05 14:57:15,886  - INFO - 输入内容: 13828829616
2018-09-05 14:57:17,990  - INFO - 清空文本框内容: //*[@id="pane-first"]/form/div[1]/div[2]/div/div/input...
2018-09-05 14:57:19,034  - INFO - 输入内容方式 by xpath: //*[@id="pane-first"]/form/div[1]/div[2]/div/div/input...
2018-09-05 14:57:19,035  - INFO - 输入内容: m123456
2018-09-05 14:57:21,162  - INFO - 点击元素 by xpath: //*[@id="pane-first"]/form/div[3]/div...
2018-09-05 14:57:23,279  - INFO - 点击元素 by xpath: /html/body/div/div/div[1]/div[2]/div/div[2]/div[2]/ul/a[3]/li...
2018-09-05 14:57:35,722  - INFO - 页面已截图，截图的路径在项目: /screenshots路径下
2018-09-05 14:57:35,758  - INFO - 点击元素 by xpath: //*[@id="app"]/div/div[1]/div[1]/div/div[2]/a[1]...
2018-09-05 14:57:38,100  - INFO - 清空文本框内容: //*[@id="pane-first"]/form/div[1]/div[1]/div/div/input...
2018-09-05 14:58:11,296  - WARNING - 查找元素超时: //*[@id="pane-first"]/form/div[1]/div[1]/div/div/input
2018-09-05 14:58:11,305  - INFO - 清空文本框内容: //*[@id="pane-first"]/form/div[1]/div[1]/div/div/input...
2018-09-05 14:58:44,428  - WARNING - 查找元素超时: //*[@id="pane-first"]/form/div[1]/div[1]/div/div/input
2018-09-05 14:58:44,443  - INFO - 清空文本框内容: //*[@id="pane-first"]/form/div[1]/div[1]/div/div/input...
2018-09-05 14:59:17,612  - WARNING - 查找元素超时: //*[@id="pane-first"]/form/div[1]/div[1]/div/div/input
2018-09-05 14:59:17,626  - INFO - 清空文本框内容: //*[@id="pane-first"]/form/div[1]/div[1]/div/div/input...
2018-09-05 14:59:50,836  - WARNING - 查找元素超时: //*[@id="pane-first"]/form/div[1]/div[1]/div/div/input
2018-09-05 14:59:50,850  - INFO - 清空文本框内容: //*[@id="pane-first"]/form/div[1]/div[1]/div/div/input...
2018-09-05 15:00:24,011  - WARNING - 查找元素超时: //*[@id="pane-first"]/form/div[1]/div[1]/div/div/input
2018-09-05 15:00:24,056  - INFO - 点击元素 by xpath: /html/body/div/div/div[1]/div[2]/div/div[2]/div[2]/ul/a[7]/li...
2018-09-05 15:00:36,616  - INFO - 页面已截图，截图的路径在项目: /screenshots路径下
