2018-09-05 14:31:35,506  - INFO - 选择的浏览器为: Chrome 浏览器
2018-09-05 14:31:35,507  - INFO - 打开的URL为: https://www-uat.szhqfin.com
2018-09-05 14:31:40,958  - INFO - 启动谷歌浏览器
2018-09-05 14:31:51,027  - INFO - 打开URL: https://www-uat.szhqfin.com
2018-09-05 14:31:52,154  - INFO - 全屏当前窗口
2018-09-05 14:31:52,157  - INFO - 设置5秒隐式等待时间
2018-09-05 14:31:52,163  - INFO - 点击元素 by xpath: //*[@id="app"]/div/div[1]/div[1]/div/div[2]/a[1]...
2018-09-05 14:32:01,980  - INFO - 清空文本框内容: //*[@id="pane-first"]/form/div[1]/div[1]/div/div/input...
2018-09-05 14:32:03,031  - INFO - 输入内容方式 by xpath: //*[@id="pane-first"]/form/div[1]/div[1]/div/div/input...
2018-09-05 14:32:03,032  - INFO - 输入内容: 13828829616
2018-09-05 14:32:05,140  - INFO - 清空文本框内容: //*[@id="pane-first"]/form/div[1]/div[2]/div/div/input...
2018-09-05 14:32:06,188  - INFO - 输入内容方式 by xpath: //*[@id="pane-first"]/form/div[1]/div[2]/div/div/input...
2018-09-05 14:32:06,188  - INFO - 输入内容: m123456
2018-09-05 14:32:08,271  - INFO - 点击元素 by xpath: //*[@id="pane-first"]/form/div[3]/div...
2018-09-05 14:32:10,383  - INFO - 点击元素 by xpath: /html/body/div/div/div[1]/div[2]/div/div[2]/div[2]/ul/a[3]/li...
2018-09-05 14:32:22,829  - INFO - 页面已截图，截图的路径在项目: /screenshots路径下
2018-09-05 14:32:22,868  - INFO - 点击元素 by xpath: //*[@id="app"]/div/div[1]/div[1]/div/div[2]/a[1]...
2018-09-05 14:32:25,213  - INFO - 清空文本框内容: //*[@id="pane-first"]/form/div[1]/div[1]/div/div/input...
2018-09-05 14:32:58,369  - WARNING - 查找元素超时: //*[@id="pane-first"]/form/div[1]/div[1]/div/div/input
2018-09-05 14:32:58,413  - INFO - 清空文本框内容: //*[@id="pane-first"]/form/div[1]/div[1]/div/div/input...
2018-09-05 14:33:31,618  - WARNING - 查找元素超时: //*[@id="pane-first"]/form/div[1]/div[1]/div/div/input
2018-09-05 14:33:31,623  - INFO - 清空文本框内容: //*[@id="pane-first"]/form/div[1]/div[1]/div/div/input...
2018-09-05 14:34:04,814  - WARNING - 查找元素超时: //*[@id="pane-first"]/form/div[1]/div[1]/div/div/input
2018-09-05 14:34:04,819  - INFO - 清空文本框内容: //*[@id="pane-first"]/form/div[1]/div[1]/div/div/input...
2018-09-05 14:34:37,995  - WARNING - 查找元素超时: //*[@id="pane-first"]/form/div[1]/div[1]/div/div/input
2018-09-05 14:34:37,999  - INFO - 清空文本框内容: //*[@id="pane-first"]/form/div[1]/div[1]/div/div/input...
2018-09-05 14:35:11,155  - WARNING - 查找元素超时: //*[@id="pane-first"]/form/div[1]/div[1]/div/div/input
2018-09-05 14:35:11,204  - INFO - 点击元素 by xpath: /html/body/div/div/div[1]/div[2]/div/div[2]/div[2]/ul/a[7]/li...
2018-09-05 14:35:23,725  - INFO - 页面已截图，截图的路径在项目: /screenshots路径下
