2018-09-05 14:38:50,967  - INFO - 选择的浏览器为: Chrome 浏览器
2018-09-05 14:38:50,967  - INFO - 打开的URL为: https://www-uat.szhqfin.com
2018-09-05 14:38:55,371  - INFO - 启动谷歌浏览器
2018-09-05 14:39:01,166  - INFO - 打开URL: https://www-uat.szhqfin.com
2018-09-05 14:39:02,280  - INFO - 全屏当前窗口
2018-09-05 14:39:02,281  - INFO - 设置5秒隐式等待时间
2018-09-05 14:39:02,282  - INFO - 点击元素 by xpath: //*[@id="app"]/div/div[1]/div[1]/div/div[2]/a[1]...
2018-09-05 14:39:12,079  - INFO - 清空文本框内容: //*[@id="pane-first"]/form/div[1]/div[1]/div/div/input...
2018-09-05 14:39:13,124  - INFO - 输入内容方式 by xpath: //*[@id="pane-first"]/form/div[1]/div[1]/div/div/input...
2018-09-05 14:39:13,126  - INFO - 输入内容: 13828829616
2018-09-05 14:39:15,230  - INFO - 清空文本框内容: //*[@id="pane-first"]/form/div[1]/div[2]/div/div/input...
2018-09-05 14:39:16,300  - INFO - 输入内容方式 by xpath: //*[@id="pane-first"]/form/div[1]/div[2]/div/div/input...
2018-09-05 14:39:16,300  - INFO - 输入内容: m123456
2018-09-05 14:39:18,394  - INFO - 点击元素 by xpath: //*[@id="pane-first"]/form/div[3]/div...
2018-09-05 14:39:20,517  - INFO - 点击元素 by xpath: /html/body/div/div/div[1]/div[2]/div/div[2]/div[2]/ul/a[3]/li...
2018-09-05 14:39:32,975  - INFO - 页面已截图，截图的路径在项目: /screenshots路径下
2018-09-05 14:39:33,010  - INFO - 点击元素 by xpath: //*[@id="app"]/div/div[1]/div[1]/div/div[2]/a[1]...
2018-09-05 14:39:35,343  - INFO - 清空文本框内容: //*[@id="pane-first"]/form/div[1]/div[1]/div/div/input...
2018-09-05 14:40:08,581  - WARNING - 查找元素超时: //*[@id="pane-first"]/form/div[1]/div[1]/div/div/input
2018-09-05 14:40:08,599  - INFO - 清空文本框内容: //*[@id="pane-first"]/form/div[1]/div[1]/div/div/input...
2018-09-05 14:40:41,758  - WARNING - 查找元素超时: //*[@id="pane-first"]/form/div[1]/div[1]/div/div/input
2018-09-05 14:40:41,765  - INFO - 清空文本框内容: //*[@id="pane-first"]/form/div[1]/div[1]/div/div/input...
2018-09-05 14:41:14,961  - WARNING - 查找元素超时: //*[@id="pane-first"]/form/div[1]/div[1]/div/div/input
2018-09-05 14:41:14,967  - INFO - 清空文本框内容: //*[@id="pane-first"]/form/div[1]/div[1]/div/div/input...
2018-09-05 14:41:48,055  - WARNING - 查找元素超时: //*[@id="pane-first"]/form/div[1]/div[1]/div/div/input
2018-09-05 14:41:48,060  - INFO - 清空文本框内容: //*[@id="pane-first"]/form/div[1]/div[1]/div/div/input...
2018-09-05 14:42:21,263  - WARNING - 查找元素超时: //*[@id="pane-first"]/form/div[1]/div[1]/div/div/input
2018-09-05 14:42:21,319  - INFO - 点击元素 by xpath: /html/body/div/div/div[1]/div[2]/div/div[2]/div[2]/ul/a[7]/li...
2018-09-05 14:42:33,874  - INFO - 页面已截图，截图的路径在项目: /screenshots路径下
